TN:
SF:src/libs/global.js
FNF:0
FNH:0
DA:1,1
DA:2,1
DA:3,1
DA:4,1
DA:5,1
DA:6,1
DA:7,1
DA:8,1
LF:8
LH:8
BRDA:2,0,0,0
BRF:1
BRH:0
end_of_record
TN:
SF:src/libs/utils/functions.js
FN:3,pow
FN:14,map
FNF:2
FNH:1
FNDA:233,pow
FNDA:0,map
DA:1,1
DA:2,1
DA:3,1
DA:4,233
DA:5,2
DA:6,2
DA:7,233
DA:8,56
DA:9,56
DA:10,175
DA:11,233
DA:12,233
DA:13,1
DA:14,1
DA:15,0
DA:16,0
LF:16
LH:14
BRDA:3,0,0,233
BRDA:4,1,0,2
BRDA:7,2,0,231
BRDA:7,3,0,56
BRDA:10,4,0,175
BRDA:11,5,0,77
BRDA:11,6,0,98
BRF:7
BRH:7
end_of_record
TN:
SF:src/libs/utils/hash.js
FN:4,hash
FNF:1
FNH:1
FNDA:2,hash
DA:1,1
DA:2,1
DA:3,1
DA:4,1
DA:5,2
DA:6,2
DA:7,2
DA:8,58
DA:9,58
DA:10,2
DA:11,2
LF:11
LH:11
BRDA:4,0,0,2
BRDA:7,1,0,58
BRF:2
BRH:2
end_of_record
TN:
SF:src/libs/utils/random.js
FN:4,getRandBySeed
FNF:1
FNH:1
FNDA:2,getRandBySeed
DA:1,1
DA:2,1
DA:3,1
DA:4,1
DA:5,2
DA:6,2
DA:7,2
DA:8,2
DA:9,2
DA:10,2
DA:11,2
DA:12,2
DA:13,2
LF:13
LH:13
BRDA:4,0,0,2
BRDA:9,1,0,2
BRF:2
BRH:2
end_of_record
